2026-02-24 13:07:45 [main] INFO  com.decrypt.DecryptApplication - Starting DecryptApplication using Java 25.0.2 with PID 27396 (C:\Users\Missu\IdeaProjects\Boxuegu-Decrypt\target\classes started by Missu in C:\Users\Missu\IdeaProjects\Boxuegu-Decrypt)
2026-02-24 13:07:45 [main] DEBUG com.decrypt.DecryptApplication - Running with Spring Boot v4.0.3, Spring v7.0.5
2026-02-24 13:07:45 [main] INFO  com.decrypt.DecryptApplication - No active profile set, falling back to 1 default profile: "default"
2026-02-24 13:07:46 [main] INFO  o.s.boot.tomcat.TomcatWebServer - Tomcat initialized with port 8080 (http)
2026-02-24 13:07:46 [main] INFO  o.a.catalina.core.StandardService - Starting service [Tomcat]
2026-02-24 13:07:46 [main] INFO  o.a.catalina.core.StandardEngine - Starting Servlet engine: [Apache Tomcat/11.0.18]
2026-02-24 13:07:46 [main] INFO  o.s.b.w.c.s.WebApplicationContextInitializer - Root WebApplicationContext: initialization completed in 422 ms
2026-02-24 13:07:46 [main] INFO  o.s.boot.tomcat.TomcatWebServer - Tomcat started on port 8080 (http) with context path '/'
2026-02-24 13:07:46 [main] INFO  com.decrypt.DecryptApplication - Started DecryptApplication in 0.878 seconds (process running for 1.204)
2026-02-24 13:08:01 [SpringApplicationShutdownHook] INFO  o.s.boot.tomcat.GracefulShutdown - Commencing graceful shutdown. Waiting for active requests to complete
2026-02-24 13:08:01 [tomcat-shutdown] INFO  o.s.boot.tomcat.GracefulShutdown - Graceful shutdown complete
2026-02-24 13:11:20 [main] INFO  com.decrypt.MyApplication - Starting MyApplication using Java 25.0.2 with PID 10164 (C:\Users\Missu\IdeaProjects\Boxuegu-Decrypt\target\classes started by Missu in C:\Users\Missu\IdeaProjects\Boxuegu-Decrypt)
2026-02-24 13:11:20 [main] DEBUG com.decrypt.MyApplication - Running with Spring Boot v4.0.3, Spring v7.0.5
2026-02-24 13:11:20 [main] INFO  com.decrypt.MyApplication - No active profile set, falling back to 1 default profile: "default"
2026-02-24 13:11:21 [main] INFO  o.s.boot.tomcat.TomcatWebServer - Tomcat initialized with port 8080 (http)
2026-02-24 13:11:21 [main] INFO  o.a.catalina.core.StandardService - Starting service [Tomcat]
2026-02-24 13:11:21 [main] INFO  o.a.catalina.core.StandardEngine - Starting Servlet engine: [Apache Tomcat/11.0.18]
2026-02-24 13:11:21 [main] INFO  o.s.b.w.c.s.WebApplicationContextInitializer - Root WebApplicationContext: initialization completed in 483 ms
2026-02-24 13:11:21 [main] INFO  o.s.boot.tomcat.TomcatWebServer - Tomcat started on port 8080 (http) with context path '/'
2026-02-24 13:11:21 [main] INFO  com.decrypt.MyApplication - Started MyApplication in 0.993 seconds (process running for 1.311)
2026-02-24 13:11:21 [main] INFO  com.decrypt.MyApplication - Starting MyApplication using Java 25.0.2 with PID 32184 (C:\Users\Missu\IdeaProjects\Boxuegu-Decrypt\target\classes started by Missu in C:\Users\Missu\IdeaProjects\Boxuegu-Decrypt)
2026-02-24 13:11:21 [main] DEBUG com.decrypt.MyApplication - Running with Spring Boot v4.0.3, Spring v7.0.5
2026-02-24 13:11:21 [main] INFO  com.decrypt.MyApplication - No active profile set, falling back to 1 default profile: "default"
2026-02-24 13:11:22 [main] INFO  o.s.boot.tomcat.TomcatWebServer - Tomcat initialized with port 8080 (http)
2026-02-24 13:11:22 [main] INFO  o.a.catalina.core.StandardService - Starting service [Tomcat]
2026-02-24 13:11:22 [main] INFO  o.a.catalina.core.StandardEngine - Starting Servlet engine: [Apache Tomcat/11.0.18]
2026-02-24 13:11:22 [main] INFO  o.s.b.w.c.s.WebApplicationContextInitializer - Root WebApplicationContext: initialization completed in 416 ms
2026-02-24 13:11:22 [main] WARN  o.s.b.w.s.s.c.AnnotationConfigServletWebServerApplicationContext - Exception encountered during context initialization - cancelling refresh attempt: org.springframework.context.ApplicationContextException: Failed to start bean 'webServerStartStop'
2026-02-24 13:11:22 [main] INFO  o.s.b.a.l.ConditionEvaluationReportLogger - 

Error starting ApplicationContext. To display the condition evaluation report re-run your application with 'debug' enabled.
2026-02-24 13:11:22 [main] ERROR o.s.b.d.LoggingFailureAnalysisReporter - 

***************************
APPLICATION FAILED TO START
***************************

Description:

Web server failed to start. Port 8080 was already in use.

Action:

Identify and stop the process that's listening on port 8080 or configure this application to listen on another port.

2026-02-24 13:11:51 [main] INFO  com.decrypt.MyApplication - Starting MyApplication using Java 25.0.2 with PID 28860 (C:\Users\Missu\IdeaProjects\Boxuegu-Decrypt\target\classes started by Missu in C:\Users\Missu\IdeaProjects\Boxuegu-Decrypt)
2026-02-24 13:11:51 [main] DEBUG com.decrypt.MyApplication - Running with Spring Boot v4.0.3, Spring v7.0.5
2026-02-24 13:11:51 [main] INFO  com.decrypt.MyApplication - No active profile set, falling back to 1 default profile: "default"
2026-02-24 13:11:52 [main] INFO  o.s.boot.tomcat.TomcatWebServer - Tomcat initialized with port 8080 (http)
2026-02-24 13:11:52 [main] INFO  o.a.catalina.core.StandardService - Starting service [Tomcat]
2026-02-24 13:11:52 [main] INFO  o.a.catalina.core.StandardEngine - Starting Servlet engine: [Apache Tomcat/11.0.18]
2026-02-24 13:11:52 [main] INFO  o.s.b.w.c.s.WebApplicationContextInitializer - Root WebApplicationContext: initialization completed in 435 ms
2026-02-24 13:11:52 [main] WARN  o.s.b.w.s.s.c.AnnotationConfigServletWebServerApplicationContext - Exception encountered during context initialization - cancelling refresh attempt: org.springframework.context.ApplicationContextException: Failed to start bean 'webServerStartStop'
2026-02-24 13:11:52 [main] INFO  o.s.b.a.l.ConditionEvaluationReportLogger - 

Error starting ApplicationContext. To display the condition evaluation report re-run your application with 'debug' enabled.
2026-02-24 13:11:52 [main] ERROR o.s.b.d.LoggingFailureAnalysisReporter - 

***************************
APPLICATION FAILED TO START
***************************

Description:

Web server failed to start. Port 8080 was already in use.

Action:

Identify and stop the process that's listening on port 8080 or configure this application to listen on another port.

2026-02-24 13:12:31 [SpringApplicationShutdownHook] INFO  o.s.boot.tomcat.GracefulShutdown - Commencing graceful shutdown. Waiting for active requests to complete
2026-02-24 13:12:31 [tomcat-shutdown] INFO  o.s.boot.tomcat.GracefulShutdown - Graceful shutdown complete
2026-02-24 13:12:35 [main] INFO  com.decrypt.MyApplication - Starting MyApplication using Java 25.0.2 with PID 30940 (C:\Users\Missu\IdeaProjects\Boxuegu-Decrypt\target\classes started by Missu in C:\Users\Missu\IdeaProjects\Boxuegu-Decrypt)
2026-02-24 13:12:35 [main] DEBUG com.decrypt.MyApplication - Running with Spring Boot v4.0.3, Spring v7.0.5
2026-02-24 13:12:35 [main] INFO  com.decrypt.MyApplication - No active profile set, falling back to 1 default profile: "default"
2026-02-24 13:12:35 [main] INFO  o.s.boot.tomcat.TomcatWebServer - Tomcat initialized with port 8081 (http)
2026-02-24 13:12:35 [main] INFO  o.a.catalina.core.StandardService - Starting service [Tomcat]
2026-02-24 13:12:35 [main] INFO  o.a.catalina.core.StandardEngine - Starting Servlet engine: [Apache Tomcat/11.0.18]
2026-02-24 13:12:35 [main] INFO  o.s.b.w.c.s.WebApplicationContextInitializer - Root WebApplicationContext: initialization completed in 449 ms
2026-02-24 13:12:35 [main] INFO  o.s.boot.tomcat.TomcatWebServer - Tomcat started on port 8081 (http) with context path '/'
2026-02-24 13:12:35 [main] INFO  com.decrypt.MyApplication - Started MyApplication in 0.94 seconds (process running for 1.26)
2026-02-24 13:12:50 [SpringApplicationShutdownHook] INFO  o.s.boot.tomcat.GracefulShutdown - Commencing graceful shutdown. Waiting for active requests to complete
2026-02-24 13:12:50 [tomcat-shutdown] INFO  o.s.boot.tomcat.GracefulShutdown - Graceful shutdown complete
2026-02-24 13:12:52 [main] INFO  com.decrypt.MyApplication - Starting MyApplication using Java 25.0.2 with PID 27816 (C:\Users\Missu\IdeaProjects\Boxuegu-Decrypt\target\classes started by Missu in C:\Users\Missu\IdeaProjects\Boxuegu-Decrypt)
2026-02-24 13:12:52 [main] DEBUG com.decrypt.MyApplication - Running with Spring Boot v4.0.3, Spring v7.0.5
2026-02-24 13:12:52 [main] INFO  com.decrypt.MyApplication - No active profile set, falling back to 1 default profile: "default"
2026-02-24 13:12:52 [main] INFO  o.s.boot.tomcat.TomcatWebServer - Tomcat initialized with port 8080 (http)
2026-02-24 13:12:52 [main] INFO  o.a.catalina.core.StandardService - Starting service [Tomcat]
2026-02-24 13:12:52 [main] INFO  o.a.catalina.core.StandardEngine - Starting Servlet engine: [Apache Tomcat/11.0.18]
2026-02-24 13:12:52 [main] INFO  o.s.b.w.c.s.WebApplicationContextInitializer - Root WebApplicationContext: initialization completed in 445 ms
2026-02-24 13:12:52 [main] INFO  o.s.boot.tomcat.TomcatWebServer - Tomcat started on port 8080 (http) with context path '/'
2026-02-24 13:12:52 [main] INFO  com.decrypt.MyApplication - Started MyApplication in 0.91 seconds (process running for 1.307)
2026-02-24 13:12:58 [SpringApplicationShutdownHook] INFO  o.s.boot.tomcat.GracefulShutdown - Commencing graceful shutdown. Waiting for active requests to complete
2026-02-24 13:12:58 [tomcat-shutdown] INFO  o.s.boot.tomcat.GracefulShutdown - Graceful shutdown complete
2026-02-24 13:17:57 [main] INFO  com.decrypt.MyApplication - Starting MyApplication using Java 25.0.2 with PID 24948 (C:\Users\Missu\IdeaProjects\Boxuegu-Decrypt\target\classes started by Missu in C:\Users\Missu\IdeaProjects\Boxuegu-Decrypt)
2026-02-24 13:17:57 [main] DEBUG com.decrypt.MyApplication - Running with Spring Boot v4.0.3, Spring v7.0.5
2026-02-24 13:17:57 [main] INFO  com.decrypt.MyApplication - No active profile set, falling back to 1 default profile: "default"
2026-02-24 13:17:58 [main] INFO  o.s.boot.tomcat.TomcatWebServer - Tomcat initialized with port 8080 (http)
2026-02-24 13:17:58 [main] INFO  o.a.catalina.core.StandardService - Starting service [Tomcat]
2026-02-24 13:17:58 [main] INFO  o.a.catalina.core.StandardEngine - Starting Servlet engine: [Apache Tomcat/11.0.18]
2026-02-24 13:17:58 [main] INFO  o.s.b.w.c.s.WebApplicationContextInitializer - Root WebApplicationContext: initialization completed in 398 ms
2026-02-24 13:17:58 [main] INFO  o.s.boot.tomcat.TomcatWebServer - Tomcat started on port 8080 (http) with context path '/'
2026-02-24 13:17:58 [main] INFO  com.decrypt.MyApplication - Started MyApplication in 0.84 seconds (process running for 1.198)
2026-02-24 13:19:22 [SpringApplicationShutdownHook] INFO  o.s.boot.tomcat.GracefulShutdown - Commencing graceful shutdown. Waiting for active requests to complete
2026-02-24 13:19:22 [tomcat-shutdown] INFO  o.s.boot.tomcat.GracefulShutdown - Graceful shutdown complete
2026-02-24 13:19:24 [main] INFO  com.decrypt.MyApplication - Starting MyApplication using Java 25.0.2 with PID 31840 (C:\Users\Missu\IdeaProjects\Boxuegu-Decrypt\target\classes started by Missu in C:\Users\Missu\IdeaProjects\Boxuegu-Decrypt)
2026-02-24 13:19:24 [main] DEBUG com.decrypt.MyApplication - Running with Spring Boot v4.0.3, Spring v7.0.5
2026-02-24 13:19:24 [main] INFO  com.decrypt.MyApplication - No active profile set, falling back to 1 default profile: "default"
2026-02-24 13:19:25 [main] INFO  o.s.boot.tomcat.TomcatWebServer - Tomcat initialized with port 8080 (http)
2026-02-24 13:19:25 [main] INFO  o.a.catalina.core.StandardService - Starting service [Tomcat]
2026-02-24 13:19:25 [main] INFO  o.a.catalina.core.StandardEngine - Starting Servlet engine: [Apache Tomcat/11.0.18]
2026-02-24 13:19:25 [main] INFO  o.s.b.w.c.s.WebApplicationContextInitializer - Root WebApplicationContext: initialization completed in 420 ms
2026-02-24 13:19:25 [main] INFO  o.s.boot.tomcat.TomcatWebServer - Tomcat started on port 8080 (http) with context path '/'
2026-02-24 13:19:25 [main] INFO  com.decrypt.MyApplication - Started MyApplication in 0.873 seconds (process running for 1.2)
2026-02-24 13:19:38 [SpringApplicationShutdownHook] INFO  o.s.boot.tomcat.GracefulShutdown - Commencing graceful shutdown. Waiting for active requests to complete
2026-02-24 13:19:38 [tomcat-shutdown] INFO  o.s.boot.tomcat.GracefulShutdown - Graceful shutdown complete
